=~=~=~=~=~=~=~=~=~=~=~= PuTTY log 2023.04.12 21:40:07 =~=~=~=~=~=~=~=~=~=~=~=
0.12 0.02 0.12
0.13 0.02 0.12
0.12 0.02 0.12
0.13 0.02 0.12
0.13 0.02 0.12
0.12 0.02 0.12
0.12 0.02 0.12
0.12 0.02 0.12
0.12 0.02 0.12
0.13 0.00 0.47
0.12 0.02 0.11
0.12 0.02 0.12
0.12 0.02 0.12
0.12 0.02 0.12
0.12 0.02 0.12
0.12 0.02 0.12
0.12 0.02 0.12
0.12 0.02 0.12
0.12 0.02 0.12
0.12 0.02 0.12
0.12 0.02 0.12
0.12 0.02 0.12
0.12 0.02 0.12
0.13 0.02 0.12
0.12 0.02 0.12
0.12 0.02 0.12
0.12 0.02 0.12
0.13 0.02 0.12
0.13 0.02 0.12
0.12 0.02 0.12
0.12 0.02 0.12
0