\BOOKMARK [0][-]{chapter.1}{Introduction}{}% 1
\BOOKMARK [1][-]{section.1.1}{Report\040Structure}{chapter.1}% 2
\BOOKMARK [1][-]{section.1.2}{Project\040Background}{chapter.1}% 3
\BOOKMARK [2][-]{subsection.1.2.1}{Wireless\040Sensor\040Networks}{section.1.2}% 4
\BOOKMARK [2][-]{subsection.1.2.2}{Structural\040Health\040Monitoring}{section.1.2}% 5
\BOOKMARK [2][-]{subsection.1.2.3}{Internet\040of\040Things}{section.1.2}% 6
\BOOKMARK [2][-]{subsection.1.2.4}{LoRa\040and\040LoRaWAN}{section.1.2}% 7
\BOOKMARK [1][-]{section.1.3}{Aims\040and\040Objectives}{chapter.1}% 8
\BOOKMARK [2][-]{subsection.1.3.1}{Prototype\0401:\040Testing\040IoT\040Layers\0401-3\040and\040Software}{section.1.3}% 9
\BOOKMARK [2][-]{subsection.1.3.2}{Prototype\0402:\040Implementing\040IoT\040Layers\0404-5\040and\040Hardware\040Deployment}{section.1.3}% 10
\BOOKMARK [0][-]{chapter.2}{Review\040of\040Published\040Literature}{}% 11
\BOOKMARK [1][-]{section.2.1}{Review\040of\040the\040Published\040Literature}{chapter.2}% 12
\BOOKMARK [0][-]{chapter.3}{Design\040Process}{}% 13
\BOOKMARK [1][-]{section.3.1}{Methodology}{chapter.3}% 14
\BOOKMARK [1][-]{section.3.2}{Design\040Specifications}{chapter.3}% 15
\BOOKMARK [2][-]{subsection.3.2.1}{System\040Design}{section.3.2}% 16
\BOOKMARK [2][-]{subsection.3.2.2}{Data\040Processing}{section.3.2}% 17
\BOOKMARK [2][-]{subsection.3.2.3}{Design\040Resources}{section.3.2}% 18
\BOOKMARK [2][-]{subsection.3.2.4}{Software\040Design}{section.3.2}% 19
\BOOKMARK [2][-]{subsection.3.2.5}{Hardware\040Design}{section.3.2}% 20
\BOOKMARK [2][-]{subsection.3.2.6}{Packet\040Transmission}{section.3.2}% 21
\BOOKMARK [0][-]{chapter.4}{Prototype\040Testing}{}% 22
\BOOKMARK [1][-]{section.4.1}{Testing\040Methodology\040and\040Criteria}{chapter.4}% 23
\BOOKMARK [2][-]{subsection.4.1.1}{Prototype\0401:\040Beam\040Test}{section.4.1}% 24
\BOOKMARK [2][-]{subsection.4.1.2}{Prototype\0402:\040Bridge\040Test}{section.4.1}% 25
\BOOKMARK [0][-]{chapter.5}{Discussions}{}% 26
\BOOKMARK [1][-]{section.5.1}{Effectiveness\040of\040LoRa\040Node}{chapter.5}% 27
\BOOKMARK [2][-]{subsection.5.1.1}{FFT\040Accuracy\040and\040Device\040Calibration}{section.5.1}% 28
\BOOKMARK [2][-]{subsection.5.1.2}{Low\040Power}{section.5.1}% 29
\BOOKMARK [2][-]{subsection.5.1.3}{Noise\040Thresholds\040and\040Response}{section.5.1}% 30
\BOOKMARK [2][-]{subsection.5.1.4}{Impact\040of\040Pedestrian\040Load}{section.5.1}% 31
\BOOKMARK [1][-]{section.5.2}{LoRaWAN\040Signal\040Strength}{chapter.5}% 32
\BOOKMARK [2][-]{subsection.5.2.1}{Communication\040Range}{section.5.2}% 33
\BOOKMARK [2][-]{subsection.5.2.2}{Antenna\040Orientation\040and\040Placement}{section.5.2}% 34
\BOOKMARK [2][-]{subsection.5.2.3}{Data\040Corruption\040and\040Signal\040Resilience}{section.5.2}% 35
\BOOKMARK [1][-]{section.5.3}{Recommendations}{chapter.5}% 36
\BOOKMARK [2][-]{subsection.5.3.1}{Hardware\040Selection}{section.5.3}% 37
\BOOKMARK [2][-]{subsection.5.3.2}{Network\040Infrastructure}{section.5.3}% 38
\BOOKMARK [2][-]{subsection.5.3.3}{Data\040Analysis\040and\040Monitoring}{section.5.3}% 39
\BOOKMARK [2][-]{subsection.5.3.4}{Antenna\040and\040Gateway\040Upgrades}{section.5.3}% 40
\BOOKMARK [2][-]{subsection.5.3.5}{Enclosure\040and\040PCB\040Design}{section.5.3}% 41
\BOOKMARK [1][-]{section.5.4}{Conclusion}{chapter.5}% 42
\BOOKMARK [0][-]{chapter.6}{Appendix}{}% 43
\BOOKMARK [1][-]{section.6.1}{Bill\040of\040Materials}{chapter.6}% 44
\BOOKMARK [2][-]{subsection.6.1.1}{Prototype\0401\040Bill\040of\040Materials}{section.6.1}% 45
\BOOKMARK [2][-]{subsection.6.1.2}{Prototype\0402\040Bill\040of\040Materials}{section.6.1}% 46
\BOOKMARK [1][-]{section.6.2}{System\040Diagrams}{chapter.6}% 47
\BOOKMARK [2][-]{subsection.6.2.1}{Python\040Sender\040Plotting\040Script}{section.6.2}% 48
\BOOKMARK [2][-]{subsection.6.2.2}{Python\040Receiver\040Plotting\040Script}{section.6.2}% 49
\BOOKMARK [1][-]{section.6.3}{Programs}{chapter.6}% 50
\BOOKMARK [2][-]{subsection.6.3.1}{Prototype\0401:\040Sender\040Main\040Program}{section.6.3}% 51
\BOOKMARK [2][-]{subsection.6.3.2}{Prototype\0401:\040Sender\040Header\040File}{section.6.3}% 52
\BOOKMARK [2][-]{subsection.6.3.3}{Prototype\0401:\040Sender\040Functions}{section.6.3}% 53
\BOOKMARK [2][-]{subsection.6.3.4}{Prototype\0401:\040Recevier\040Main\040Program}{section.6.3}% 54
\BOOKMARK [2][-]{subsection.6.3.5}{Prototype\0401:\040Sender\040Logger\040Program}{section.6.3}% 55
\BOOKMARK [2][-]{subsection.6.3.6}{Prototype\0401:\040Sender\040Plotter\040Program}{section.6.3}% 56
\BOOKMARK [2][-]{subsection.6.3.7}{Prototype\0401:\040Receiver\040Logger\040Program}{section.6.3}% 57
\BOOKMARK [2][-]{subsection.6.3.8}{Prototype\0401:\040Receiver\040Plotter\040Program}{section.6.3}% 58
\BOOKMARK [2][-]{subsection.6.3.9}{Prototype\0402:\040Sender\040Main\040Program}{section.6.3}% 59
\BOOKMARK [2][-]{subsection.6.3.10}{Prototype\0402:\040Sender\040Thing\040Properties\040Header\040File}{section.6.3}% 60
\BOOKMARK [1][-]{section.6.4}{Network\040Layer}{chapter.6}% 61
\BOOKMARK [2][-]{subsection.6.4.1}{TNN\040Live\040Data}{section.6.4}% 62
\BOOKMARK [2][-]{subsection.6.4.2}{Arduino\040Iot\040Cloud\040Dashboard}{section.6.4}% 63
