=~=~=~=~=~=~=~=~=~=~=~= PuTTY log 2023.04.12 22:39:55 =~=~=~=~=~=~=~=~=~=~=~=
0.33 0.02 0.08
0.11 0.20 0.05
0.17 0.25 0.07
0.04 0.23 0.09
0.02 0.11 0.13
0.06 0.16 0.14
0.15 0.09 0.12
0.19 0.10 0.13
0.16 0.25 0.17
0.10 0.27 0.18
0.13 0.18 0.22
0.16 0.10 0.21
0.12 0.05 0.14
0.04 0.11 0.05
0.07 0.14 0.09
0.09 0.05 0.15
0.08 0.08 0.28
0.02 0.16 0.32
0.09 0.16 0.14
0.11 0.10 0.21
0.08 0.08 0.15
0.04 0.06 0.09
0.03 0.07 0.06
0.06 0.05 0.03
0.14 0.05 0.10
0.18 0.08 0.13
0.13 0.07 0.11
0.04 0.08 0.08
0.07 0.13 0.05
0.06 0.07 0.04
0.06 0.07 0.03
0.08 0.11 0.06
0.04 0.10 0.10
0.04 0.11 0.14
0.09 0.16 0.08
0.07 0.09 0.05
0.09 0.02 0.08
0.06 0.08 0.07
0.02 0.19 0.11
0.01 0.20 0.12
0.07 0.07 0.10
0.05 0.07 0.06
0.01 0.12 0.05
0.06 0.12 0.08
0.06 0.03 0.09
0.05 0.06 0.10
0.08 0.10 0.13
0.06 0.07 0.11
0.06 0.02 0.04
0.04 0.09 0.02
0.07 0.14 0.06
0.11 0.06 0.13
0.07 0.07 0.15
0.04 0.07 0.11
0.06 0.05 0.11
0.01 0.08 0.13
0.05 0.11 0.08
0.04 0.12 0.02
0.06 0.05 0.02
0.09 0.12 0.05
0.06 0.20 0.10
0.03 0.17 0.09
0.02 0.12 0.07
0.05 0.12 0.08
0.09 0.15 0.08
0.05 0.12 0.08
0.02 0.12 0.07
0.03 0.17 0.09
0.06 0.20 0.10
0.09 0.12 0.05
0.06 0.05 0.02
0.04 0.12 0.02
0.05 0.11 0.08
0.01 0.08 0.13
0.06 0.05 0.11
0.04 0.07 0.11
0.07 0.07 0.15
0.11 0.06 0.13
0.07 0.14 0.06
0.04 0.09 0.02
0.06 0.02 0.04
0.06 0.07 0.11
0.08 0.10 0.13
0.05 0.06 0.10
0.06 0.03 0.09
0.06 0.12 0.08
0.01 0.12 0.05
0.05 0.07 0.06
0.07 0.07 0.10
0.01 0.20 0.12
0.02 0.19 0.11
0.06 0.08 0.07
0.09 0.02 0.08
0.07 0.09 0.05
0.09 0.16 0.08
0.04 0.11 0.14
0.04 0.10 0.10
0.08 0.11 0.06
0.06 0.07 0.03
0.06 0.07 0.04
0.07 0.13 0.05
0.04 0.08 0.08
0.13 0.07 0.11
0.18 0.08 0.13
0.14 0.05 0.10
0.06 0.05 0.03
0.03 0.07 0.06
0.04 0.06 0.09
0.08 0.08 0.15
0.11 0.10 0.21
0.09 0.16 0.14
0.02 0.16 0.32
0.08 0.08 0.28
0.09 0.05 0.15
0.07 0.14 0.09
0.04 0.11 0.05
0.12 0.05 0.14
0.16 0.10 0.21
0.13 0.18 0.22
0.10 0.27 0.18
0.16 0.25 0.17
0.19 0.10 0.13
0.15 0.09 0.12
0.06 0.16 0.14
0.02 0.11 0.13
0.04 0.23 0.09
0.17 0.25 0.07
0.11 0.20 0.05
0.21 0.28 0.12
0.18 0.06 0.05
0.06 0.09 0.04
0.02 0.03 0.01
0.07 0.03 0.04
0.05 0.03 0.02
0.03 0.05 0.05
0.07 0.06 0.06
0.04 0.05 0.04
0.04 0.03 0.03
0.01 0.02 0.04
0.02 0.02 0.07
0.05 0.02 0.05
0.05 0.03 0.12
0.05 0.04 0.30
0.18 0.15 0.87
0.59 0.41 2.53
0.52 0.35 2.35
0.00 0.03 0.31
0.14 0.11 0.44
0.03 0.02 0.11
0.07 0.04 0.18
0.03 0.01 0.08
0.04 0.01 0.08
0.06 0.01 0.13
0.04 0.03 0.09
0.01 0.03 0.06
0.03 0.04 0.09
0.04 0.02 0.09
0.02 0.01 0.02
0.04 0.03 0.09
0.03 0.04 0.10
0.02 0.06 0.16
0.04 0.09 0.15
0.02 0.05 0.05
0.03 0.04 0.09
0.02 0.03 0.06
0.00 0.04 0.04
0.02 0.01 0.00
0.02 0.03 0.05
0.02 0.02 0.05
0.01 0.01 0.07
0.02 0.02 0.04
0.02 0.01 0.01
0.02 0.03 0.04
0.02 0.01 0.03
0.02 0.01 0.04
0.01 0.03 0.04
0.01 0.02 0.01
0.01 0.01 0.01
0.01 0.01 0.01
0.02 0.01 0.02
0.01 0.00 0.02
0.01 0.01 0.02
0.00 0.01 0.03
0.01 0.01 0.03
0.01 0.00 0.02
0.00 0.01 0.02
0.00 0.01 0.01
0.00 0.00 0.01
0.01 0.01 0.03
0.00 0.01 0.04
0.01 0.00 0.01
0.01 0.02 0.02
0.01 0.02 0.04
0.01 0.02 0.02
0.01 0.00 0.01
0.00 0.01 0.04
0.01 0.01 0.03
0.00 0.00 0.01
0.00 0.01 0.01
0.00 0.01 0.02
0.01 0.00 0.02
0.01 0.01 0.03
0.00 0.01 0.03
0.01 0.01 0.02
0.01 0.00 0.02
0.02 0.01 0.02
0.01 0.01 0.01
0.01 0.01 0.01
0.01 0.02 0.01
0.01 0.03 0.04
0.02 0.01 0.04
0.02 0.01 0.03
0.02 0.03 0.04
0.02 0.01 0.01
0.02 0.02 0.04
0.01 0.01 0.07
0.02 0.02 0.05
0.02 0.03 0.05
0.02 0.01 0.00
0.00 0.04 0.04
0.02 0.03 0.06
0.03 0.04 0.09
0.02 0.05 0.05
0.04 0.09 0.15
0.02 0.06 0.16
0.03 0.04 0.10
0.04 0.03 0.09
0.02 0.01 0.02
0.04 0.02 0.09
0.03 0.04 0.09
0.01 0.03 0.06
0.04 0.03 0.09
0.06 0.01 0.13
0.04 0.01 0.08
0.03 0.01 0.08
0.07 0.04 0.18
0.03 0.02 0.11
0.14 0.11 0.44
0.00 0.03 0.31
0.52 0.35 2.35
0.59 0.41 2.53
0.18 0.15 0.87
0.05 0.04 0.30
0.05 0.03 0.12
0.05 0.02 0.05
0.02 0.02 0.07
0.01 0.02 0.04
0.04 0.03 0.03
0.04 0.05 0.04
0.07 0.06 0.06
0.03 0.05 0.05
0.05 0.03 0.02
0.07 0.03 0.04
0.02 0.03 0.01
0.06 0.09 0.04
0.18 0.06 0.05
0.09 0.28 0.09
0.22 0.05 0.08
0.19 0.17 0.05
0.06 0.02 0.03
0.12 0.05 0.02
0.07 0.03 0.03
0.05 0.02 0.04
0.04 0.03 0.04
0.09 0.03 0.01
0.18 0.06 0.08
0.52 0.10 0.12
0.96 0.12 0.20
1.31 0.14 0.31
1.25 0.23 0.22
1.27 0.28 0.12
1.00 0.28 0.19
1.11 0.27 0.19
1.49 0.25 0.26
1.37 0.15 0.14
1.07 0.19 0.22
0.93 0.11 0.15
0.72 0.14 0.25
0.63 0.19 0.10
0.43 0.07 0.28
0.20 0.02 0.15
0.10 0.03 0.05
0.12 0.07 0.06
0.20 0.08 0.10
0.16 0.09 0.10
0.08 0.05 0.07
0.06 0.02 0.06
0.09 0.08 0.06
0.11 0.10 0.13
0.06 0.09 0.08
0.05 0.11 0.02
0.04 0.06 0.08
0.06 0.09 0.07
0.08 0.10 0.10
0.07 0.12 0.07
0.02 0.14 0.05
0.06 0.16 0.07
0.06 0.16 0.05
0.08 0.10 0.07
0.08 0.06 0.07
0.03 0.04 0.07
0.03 0.02 0.06
0.02 0.04 0.03
0.02 0.04 0.05
0.04 0.04 0.07
0.04 0.06 0.07
0.03 0.03 0.05
0.01 0.02 0.03
0.02 0.03 0.03
0.02 0.01 0.03
0.01 0.03 0.02
0.03 0.05 0.03
0.03 0.05 0.07
0.04 0.01 0.04
0.05 0.02 0.04
0.04 0.03 0.01
0.01 0.01 0.01
0.03 0.01 0.03
0.01 0.02 0.02
0.02 0.04 0.03
0.02 0.04 0.04
0.02 0.04 0.03
0.01 0.02 0.02
0.03 0.01 0.03
0.01 0.01 0.01
0.04 0.03 0.01
0.05 0.02 0.04
0.04 0.01 0.04
0.03 0.05 0.07
0.03 0.05 0.03
0.01 0.03 0.02
0.02 0.01 0.03
0.02 0.03 0.03
0.01 0.02 0.03
0.03 0.03 0.05
0.04 0.06 0.07
0.04 0.04 0.07
0.02 0.04 0.05
0.02 0.04 0.03
0.03 0.02 0.06
0.03 0.04 0.07
0.08 0.06 0.07
0.08 0.10 0.07
0.06 0.16 0.05
0.06 0.16 0.07
0.02 0.14 0.05
0.07 0.12 0.07
0.08 0.10 0.10
0.06 0.09 0.07
0.04 0.06 0.08
0.05 0.11 0.02
0.06 0.09 0.08
0.11 0.10 0.13
0.09 0.08 0.06
0.06 0.02 0.06
0.08 0.05 0.07
0.16 0.09 0.10
0.20 0.08 0.10
0.12 0.07 0.06
0.10 0.03 0.05
0.20 0.02 0.15
0.43 0.07 0.28
0.63 0.19 0.10
0.72 0.14 0.25
0.93 0.11 0.15
1.07 0.19 0.22
1.37 0.15 0.14
1.49 0.25 0.26
1.11 0.27 0.19
1.00 0.28 0.19
1.27 0.28 0.12
1.25 0.23 0.22
1.31 0.14 0.31
0.96 0.12 0.20
0.52 0.10 0.12
0.18 0.06 0.08
0.09 0.03 0.01
0.04 0.03 0.04
0.05 0.02 0.04
0.07 0.03 0.03
0.12 0.05 0.02
0.06 0.02 0.03
0.19 0.17 0.05
0.22 0.05 0.08
0.01 0.56 0.20
0.16 0.31 0.10
0.05 0.08 0.00
0.03 0.02 0.01
0.03 0.01 0.03
0.04 0.04 0.03
0.06 0.04 0.02
0.05 0.03 0.04
0.03 0.10 0.05
0.06 0.20 0.05
0.02 0.31 0.03
0.07 0.32 0.09
0.09 0.37 0.07
0.02 0.24 0.09
0.19 0.23 0.17
0.14 0.16 0.11
0.05 0.09 0.12
0.08 1.07 0.04
0.35 2.39 0.20
0.29 1.84 0.18
0.16 0.67 0.18
0.11 0.37 0.11
0.14 0.11 0.11
0.10 0.25 0.03
0.04 0.19 0.10
0.03 0.09 0.11
0.01 0.06 0.13
0.01 0.11 0.07
0.05 0.10 0.13
0.05 0.08 0.11
0.04 0.06 0.11
0.04 0.06 0.12
0.02 0.03 0.03
0.06 0.03 0.04
0.08 0.04 0.07
0.07 0.13 0.14
0.10 0.20 0.32
0.14 0.11 0.29
0.08 0.11 0.14
0.02 0.12 0.08
0.02 0.05 0.05
0.01 0.02 0.01
0.01 0.03 0.00
0.02 0.07 0.06
0.00 0.06 0.05
0.03 0.04 0.07
0.02 0.04 0.05
0.02 0.00 0.02
0.01 0.03 0.03
0.01 0.02 0.03
0.02 0.02 0.04
0.02 0.01 0.04
0.02 0.05 0.05
0.03 0.03 0.02
0.06 0.03 0.04
0.07 0.01 0.03
0.04 0.04 0.03
0.01 0.03 0.04
0.02 0.02 0.02
0.02 0.01 0.02
0.02 0.01 0.05
0.04 0.01 0.06
0.03 0.00 0.04
0.00 0.02 0.05
0.01 0.03 0.02
0.00 0.02 0.05
0.03 0.00 0.04
0.04 0.01 0.06
0.02 0.01 0.05
0.02 0.01 0.02
0.02 0.02 0.02
0.01 0.03 0.04
0.04 0.04 0.03
0.07 0.01 0.03
0.06 0.03 0.04
0.03 0.03 0.02
0.02 0.05 0.05
0.02 0.01 0.04
0.02 0.02 0.04
0.01 0.02 0.03
0.01 0.03 0.03
0.02 0.00 0.02
0.02 0.04 0.05
0.03 0.04 0.07
0.00 0.06 0.05
0.02 0.07 0.06
0.01 0.03 0.00
0.01 0.02 0.01
0.02 0.05 0.05
0.02 0.12 0.08
0.08 0.11 0.14
0.14 0.11 0.29
0.10 0.20 0.32
0.07 0.13 0.14
0.08 0.04 0.07
0.06 0.03 0.04
0.02 0.03 0.03
0.04 0.06 0.12
0.04 0.06 0.11
0.05 0.08 0.11
0.05 0.10 0.13
0.01 0.11 0.07
0.01 0.06 0.13
0.03 0.09 0.11
0.04 0.19 0.10
0.10 0.25 0.03
0.14 0.11 0.11
0.11 0.37 0.11
0.16 0.67 0.18
0.29 1.84 0.18
0.35 2.39 0.20
0.08 1.07 0.04
0.05 0.09 0.12
0.14 0.16 0.11
0.19 0.23 0.17
0.02 0.24 0.09
0.09 0.37 0.07
0.07 0.32 0.09
0.02 0.31 0.03
0.06 0.20 0.05
0.03 0.10 0.05
0.05 0.03 0.04
0.06 0.04 0.02
0.04 0.04 0.03
0.03 0.01 0.03
0.03 0.02 0.01
0.05 0.08 0.00
0.16 0.31 0.10
0.06 0.40 0.22
0.06 0.28 0.07
0.06 0.13 0.03
0.05 0.06 0.06
0.07 0.02 0.02
0.02 0.08 0.05
0.08 0.05 0.06
0.08 0.03 0.08
0.04 0.03 0.09
0.05 0.05 0.09
0.08 0.05 0.07
0.07 0.04 0.06
0.04 0.06 0.07
0.04 0.01 0.10
0.07 0.07 0.08
0.05 0.07 0.17
0.03 0.03 0.07
0.07 0.05 0.16
0.05 0.07 0.17
0.03 0.04 0.13
0.05 0.07 0.11
0.17 0.04 0.26
0.10 0.06 0.17
0.04 0.03 0.19
0.04 0.15 0.45
0.07 0.03 0.13
0.09 0.09 0.19
0.29 0.07 0.17
0.22 0.07 0.26
0.63 0.14 0.20
0.81 0.63 1.67
0.93 1.01 2.78
0.26 1.46 3.50
0.84 0.64 1.68
0.40 0.37 0.97
0.06 0.42 0.89
0.06 0.24 0.59
0.11 0.16 0.34
0.13 0.29 0.44
0.04 0.17 0.29
0.08 0.04 0.22
0.05 0.05 0.18
0.06 0.12 0.24
0.08 0.21 0.35
0.09 0.12 0.26
0.11 0.09 0.10
0.07 0.08 0.01
0.02 0.03 0.10
0.01 0.07 0.17
0.03 0.12 0.24
0.03 0.16 0.24
0.03 0.08 0.16
0.07 0.07 0.17
0.06 0.10 0.15
0.04 0.07 0.13
0.03 0.01 0.04
0.04 0.03 0.03
0.06 0.03 0.08
0.07 0.02 0.08
0.02 0.07 0.09
0.04 0.06 0.12
0.16 0.18 0.32
0.20 0.17 0.08
0.06 0.17 0.30
0.05 0.17 0.31
0.06 0.17 0.30
0.20 0.17 0.08
0.16 0.18 0.32
0.04 0.06 0.12
0.02 0.07 0.09
0.07 0.02 0.08
0.06 0.03 0.08
0.04 0.03 0.03
0.03 0.01 0.04
0.04 0.07 0.13
0.06 0.10 0.15
0.07 0.07 0.17
0.03 0.08 0.16
0.03 0.16 0.24
0.03 0.12 0.24
0.01 0.07 0.17
0.02 0.03 0.10
0.07 0.08 0.01
0.11 0.09 0.10
0.09 0.12 0.26
0.08 0.21 0.35
0.06 0.12 0.24
0.05 0.05 0.18
0.08 0.04 0.22
0.04 0.17 0.29
0.13 0.29 0.44
0.11 0.16 0.34
0.06 0.24 0.59
0.06 0.42 0.89
0.40 0.37 0.97
0.84 0.64 1.68
0.26 1.46 3.50
0.93 1.01 2.78
0.81 0.63 1.67
0.63 0.14 0.20
0.22 0.07 0.26
0.29 0.07 0.17
0.09 0.09 0.19
0.07 0.03 0.13
0.04 0.15 0.45
0.04 0.03 0.19
0.10 0.06 0.17
0.17 0.04 0.26
0.05 0.07 0.11
0.03 0.04 0.13
0.05 0.07 0.17
0.07 0.05 0.16
0.03 0.03 0.07
0.05 0.07 0.17
0.07 0.07 0.08
0.04 0.01 0.10
0.04 0.06 0.07
0.07 0.04 0.06
0.08 0.05 0.07
0.05 0.05 0.09
0.04 0.03 0.09
0.08 0.03 0.08
0.08 0.05 0.06
0.02 0.08 0.05
0.07 0.02 0.02
0.05 0.06 0.06
0.06 0.13 0.03
0.06 0.28 0.07
